<?xml version="1.0" encoding="UTF-8"?>
<testng-results skipped="0" failed="0" total="0" passed="0">
  <reporter-output>
  </reporter-output>
  <suite name="kr.co.medialog.redis.test.dao.RedisDaoTest" duration-ms="3" started-at="2015-05-21T05:00:36Z" finished-at="2015-05-21T05:00:36Z">
    <groups>
    </groups>
    <test name="Command line test" duration-ms="3" started-at="2015-05-21T05:00:36Z" finished-at="2015-05-21T05:00:36Z">
    </test> <!-- Command line test -->
  </suite> <!-- kr.co.medialog.redis.test.dao.RedisDaoTest -->
</testng-results>
